{
  "stats": {
    "suites": 8,
    "tests": 8,
    "passes": 8,
    "pending": 0,
    "failures": 0,
    "testsRegistered": 8,
    "passPercent": 100,
    "pendingPercent": 0,
    "other": 0,
    "hasOther": false,
    "skipped": 0,
    "hasSkipped": false,
    "start": "2025-05-19T19:44:45.196Z",
    "end": "2025-05-19T19:49:03.676Z",
    "duration": 258480
  },
  "results": [
    {
      "uuid": "a9503bf5-7b01-4bba-bdce-3a305215133c",
      "title": "",
      "fullFile": "cypress\\e2e\\usuarios\\createUsuario.cy.js",
      "file": "cypress\\e2e\\usuarios\\createUsuario.cy.js",
      "beforeHooks": [],
      "afterHooks": [],
      "tests": [],
      "suites": [
        {
          "uuid": "0d81dc07-6ed7-4d94-bdde-9c40f5562bd3",
          "title": "ServeRest - Criar Usuário",
          "fullFile": "",
          "file": "",
          "beforeHooks": [],
          "afterHooks": [],
          "tests": [
            {
              "title": "Deve criar um usuário com sucesso (ou já existente)",
              "fullTitle": "ServeRest - Criar Usuário Deve criar um usuário com sucesso (ou já existente)",
              "timedOut": null,
              "duration": 730,
              "state": "passed",
              "speed": "fast",
              "pass": true,
              "fail": false,
              "pending": false,
              "context": null,
              "code": "const timestamp = Date.now();\nconst nome = `Fábio QA ${timestamp}`;\nconst email = `fabio.qa.${timestamp}@teste.com`;\ncy.createUsuario(nome, email);",
              "err": {},
              "uuid": "5d53e1fe-be1f-44d2-b7ff-fa4ea6d643c6",
              "parentUUID": "0d81dc07-6ed7-4d94-bdde-9c40f5562bd3",
              "isHook": false,
              "skipped": false
            }
          ],
          "suites": [],
          "passes": [
            "5d53e1fe-be1f-44d2-b7ff-fa4ea6d643c6"
          ],
          "failures": [],
          "pending": [],
          "skipped": [],
          "duration": 730,
          "root": false,
          "rootEmpty": false,
          "_timeout": 2000
        }
      ],
      "passes": [],
      "failures": [],
      "pending": [],
      "skipped": [],
      "duration": 0,
      "root": true,
      "rootEmpty": true,
      "_timeout": 2000
    },
    {
      "uuid": "e93546cb-f936-4132-8b09-c9285b46eaf5",
      "title": "",
      "fullFile": "cypress\\e2e\\usuarios\\criarEValidarUsuario.cy.js",
      "file": "cypress\\e2e\\usuarios\\criarEValidarUsuario.cy.js",
      "beforeHooks": [],
      "afterHooks": [],
      "tests": [],
      "suites": [
        {
          "uuid": "a049e258-3663-4f63-8e83-cc64382f3cfe",
          "title": "ServeRest - Criar e Validar Usuário",
          "fullFile": "",
          "file": "",
          "beforeHooks": [],
          "afterHooks": [],
          "tests": [
            {
              "title": "Deve criar um usuário e confirmar que ele existe na listagem",
              "fullTitle": "ServeRest - Criar e Validar Usuário Deve criar um usuário e confirmar que ele existe na listagem",
              "timedOut": null,
              "duration": 708,
              "state": "passed",
              "speed": "fast",
              "pass": true,
              "fail": false,
              "pending": false,
              "context": null,
              "code": "const timestamp = Date.now();\nconst nome = `Fábio QA ${timestamp}`;\nconst email = `fabio.qa.${timestamp}@teste.com`;\ncy.createUsuario(nome, email);\ncy.buscarUsuarioPorEmail(email);",
              "err": {},
              "uuid": "88300cd5-cf06-44fe-b36c-4036a7aea529",
              "parentUUID": "a049e258-3663-4f63-8e83-cc64382f3cfe",
              "isHook": false,
              "skipped": false
            }
          ],
          "suites": [],
          "passes": [
            "88300cd5-cf06-44fe-b36c-4036a7aea529"
          ],
          "failures": [],
          "pending": [],
          "skipped": [],
          "duration": 708,
          "root": false,
          "rootEmpty": false,
          "_timeout": 2000
        }
      ],
      "passes": [],
      "failures": [],
      "pending": [],
      "skipped": [],
      "duration": 0,
      "root": true,
      "rootEmpty": true,
      "_timeout": 2000
    },
    {
      "uuid": "c4fd08fa-ee60-4c48-86a7-0e9975557264",
      "title": "",
      "fullFile": "cypress\\e2e\\usuarios\\editarEDeletarUsuario.cy.js",
      "file": "cypress\\e2e\\usuarios\\editarEDeletarUsuario.cy.js",
      "beforeHooks": [],
      "afterHooks": [],
      "tests": [],
      "suites": [
        {
          "uuid": "d5ce4c1c-f6de-459d-9ebc-cf14ceee4699",
          "title": "ServeRest - Editar e Deletar Usuário",
          "fullFile": "",
          "file": "",
          "beforeHooks": [],
          "afterHooks": [],
          "tests": [
            {
              "title": "Deve criar, editar e deletar um usuário",
              "fullTitle": "ServeRest - Editar e Deletar Usuário Deve criar, editar e deletar um usuário",
              "timedOut": null,
              "duration": 651,
              "state": "passed",
              "speed": "fast",
              "pass": true,
              "fail": false,
              "pending": false,
              "context": null,
              "code": "const timestamp = Date.now();\nconst nome = `Fábio QA ${timestamp}`;\nconst email = `fabio.qa.${timestamp}@teste.com`;\n// Cria o usuário\ncy.request({\n  method: 'POST',\n  url: 'https://serverest.dev/usuarios',\n  body: {\n    nome: nome,\n    email: email,\n    password: 'teste123',\n    administrador: 'true'\n  }\n}).then(res => {\n  const id = res.body._id;\n  expect(res.status).to.eq(201);\n  // Atualiza o nome\n  cy.atualizarUsuario(id, `${nome} Editado`);\n  // Deleta o usuário\n  cy.request({\n    method: 'DELETE',\n    url: `https://serverest.dev/usuarios/${id}`\n  }).then(del => {\n    expect(del.status).to.eq(200);\n  });\n});",
              "err": {},
              "uuid": "6e5ecaf5-45df-4765-9501-5ce1e8203c36",
              "parentUUID": "d5ce4c1c-f6de-459d-9ebc-cf14ceee4699",
              "isHook": false,
              "skipped": false
            }
          ],
          "suites": [],
          "passes": [
            "6e5ecaf5-45df-4765-9501-5ce1e8203c36"
          ],
          "failures": [],
          "pending": [],
          "skipped": [],
          "duration": 651,
          "root": false,
          "rootEmpty": false,
          "_timeout": 2000
        }
      ],
      "passes": [],
      "failures": [],
      "pending": [],
      "skipped": [],
      "duration": 0,
      "root": true,
      "rootEmpty": true,
      "_timeout": 2000
    },
    {
      "uuid": "8a0a80f8-bac6-487e-ad8a-d212d24fd35e",
      "title": "",
      "fullFile": "cypress\\e2e\\usuarios\\getUsuarios.cy.js",
      "file": "cypress\\e2e\\usuarios\\getUsuarios.cy.js",
      "beforeHooks": [],
      "afterHooks": [],
      "tests": [],
      "suites": [
        {
          "uuid": "b98a592a-ab63-41a4-a1bc-acc0635b47ce",
          "title": "ServeRest - Usuários",
          "fullFile": "",
          "file": "",
          "beforeHooks": [],
          "afterHooks": [],
          "tests": [
            {
              "title": "Deve listar os usuários com sucesso",
              "fullTitle": "ServeRest - Usuários Deve listar os usuários com sucesso",
              "timedOut": null,
              "duration": 350,
              "state": "passed",
              "speed": "fast",
              "pass": true,
              "fail": false,
              "pending": false,
              "context": null,
              "code": "cy.getUsuarios();",
              "err": {},
              "uuid": "cc0eef59-e736-467a-861c-47cd19df0e53",
              "parentUUID": "b98a592a-ab63-41a4-a1bc-acc0635b47ce",
              "isHook": false,
              "skipped": false
            }
          ],
          "suites": [],
          "passes": [
            "cc0eef59-e736-467a-861c-47cd19df0e53"
          ],
          "failures": [],
          "pending": [],
          "skipped": [],
          "duration": 350,
          "root": false,
          "rootEmpty": false,
          "_timeout": 2000
        }
      ],
      "passes": [],
      "failures": [],
      "pending": [],
      "skipped": [],
      "duration": 0,
      "root": true,
      "rootEmpty": true,
      "_timeout": 2000
    },
    {
      "uuid": "1ec74fc4-2eb3-4b92-bbe2-38b10b1fefbc",
      "title": "",
      "fullFile": "cypress\\e2e\\usuarios\\createUsuario.cy.js",
      "file": "cypress\\e2e\\usuarios\\createUsuario.cy.js",
      "beforeHooks": [],
      "afterHooks": [],
      "tests": [],
      "suites": [
        {
          "uuid": "e0d330e5-0d81-464a-ab39-df89ba3fd05a",
          "title": "ServeRest - Criar Usuário",
          "fullFile": "",
          "file": "",
          "beforeHooks": [],
          "afterHooks": [],
          "tests": [
            {
              "title": "Deve criar um usuário com sucesso (ou já existente)",
              "fullTitle": "ServeRest - Criar Usuário Deve criar um usuário com sucesso (ou já existente)",
              "timedOut": null,
              "duration": 578,
              "state": "passed",
              "speed": "fast",
              "pass": true,
              "fail": false,
              "pending": false,
              "context": null,
              "code": "const timestamp = Date.now();\nconst nome = `Fábio QA ${timestamp}`;\nconst email = `fabio.qa.${timestamp}@teste.com`;\ncy.createUsuario(nome, email);",
              "err": {},
              "uuid": "92d5e5de-dfbb-4c76-9cc8-26ae9f95d7fd",
              "parentUUID": "e0d330e5-0d81-464a-ab39-df89ba3fd05a",
              "isHook": false,
              "skipped": false
            }
          ],
          "suites": [],
          "passes": [
            "92d5e5de-dfbb-4c76-9cc8-26ae9f95d7fd"
          ],
          "failures": [],
          "pending": [],
          "skipped": [],
          "duration": 578,
          "root": false,
          "rootEmpty": false,
          "_timeout": 2000
        }
      ],
      "passes": [],
      "failures": [],
      "pending": [],
      "skipped": [],
      "duration": 0,
      "root": true,
      "rootEmpty": true,
      "_timeout": 2000
    },
    {
      "uuid": "bfdffb31-b229-47f4-9e31-c18082d5ca62",
      "title": "",
      "fullFile": "cypress\\e2e\\usuarios\\criarEValidarUsuario.cy.js",
      "file": "cypress\\e2e\\usuarios\\criarEValidarUsuario.cy.js",
      "beforeHooks": [],
      "afterHooks": [],
      "tests": [],
      "suites": [
        {
          "uuid": "c160d575-6ddd-4e60-864f-2a02bacc550e",
          "title": "ServeRest - Criar e Validar Usuário",
          "fullFile": "",
          "file": "",
          "beforeHooks": [],
          "afterHooks": [],
          "tests": [
            {
              "title": "Deve criar um usuário e confirmar que ele existe na listagem",
              "fullTitle": "ServeRest - Criar e Validar Usuário Deve criar um usuário e confirmar que ele existe na listagem",
              "timedOut": null,
              "duration": 686,
              "state": "passed",
              "speed": "fast",
              "pass": true,
              "fail": false,
              "pending": false,
              "context": null,
              "code": "const timestamp = Date.now();\nconst nome = `Fábio QA ${timestamp}`;\nconst email = `fabio.qa.${timestamp}@teste.com`;\ncy.createUsuario(nome, email);\ncy.buscarUsuarioPorEmail(email);",
              "err": {},
              "uuid": "87706972-3c21-48d7-942b-f2e65b69e742",
              "parentUUID": "c160d575-6ddd-4e60-864f-2a02bacc550e",
              "isHook": false,
              "skipped": false
            }
          ],
          "suites": [],
          "passes": [
            "87706972-3c21-48d7-942b-f2e65b69e742"
          ],
          "failures": [],
          "pending": [],
          "skipped": [],
          "duration": 686,
          "root": false,
          "rootEmpty": false,
          "_timeout": 2000
        }
      ],
      "passes": [],
      "failures": [],
      "pending": [],
      "skipped": [],
      "duration": 0,
      "root": true,
      "rootEmpty": true,
      "_timeout": 2000
    },
    {
      "uuid": "2da48a65-0504-4250-ac0b-2d33a5a24189",
      "title": "",
      "fullFile": "cypress\\e2e\\usuarios\\editarEDeletarUsuario.cy.js",
      "file": "cypress\\e2e\\usuarios\\editarEDeletarUsuario.cy.js",
      "beforeHooks": [],
      "afterHooks": [],
      "tests": [],
      "suites": [
        {
          "uuid": "17c4f8fc-7f7d-4d89-a736-a90219fb13bf",
          "title": "ServeRest - Editar e Deletar Usuário",
          "fullFile": "",
          "file": "",
          "beforeHooks": [],
          "afterHooks": [],
          "tests": [
            {
              "title": "Deve criar, editar e deletar um usuário",
              "fullTitle": "ServeRest - Editar e Deletar Usuário Deve criar, editar e deletar um usuário",
              "timedOut": null,
              "duration": 654,
              "state": "passed",
              "speed": "fast",
              "pass": true,
              "fail": false,
              "pending": false,
              "context": null,
              "code": "const timestamp = Date.now();\nconst nome = `Fábio QA ${timestamp}`;\nconst email = `fabio.qa.${timestamp}@teste.com`;\n// Cria o usuário\ncy.request({\n  method: 'POST',\n  url: 'https://serverest.dev/usuarios',\n  body: {\n    nome: nome,\n    email: email,\n    password: 'teste123',\n    administrador: 'true'\n  }\n}).then(res => {\n  const id = res.body._id;\n  expect(res.status).to.eq(201);\n  // Atualiza o nome\n  cy.atualizarUsuario(id, `${nome} Editado`);\n  // Deleta o usuário\n  cy.request({\n    method: 'DELETE',\n    url: `https://serverest.dev/usuarios/${id}`\n  }).then(del => {\n    expect(del.status).to.eq(200);\n  });\n});",
              "err": {},
              "uuid": "261e2219-1075-47ed-9f26-60792e1772d5",
              "parentUUID": "17c4f8fc-7f7d-4d89-a736-a90219fb13bf",
              "isHook": false,
              "skipped": false
            }
          ],
          "suites": [],
          "passes": [
            "261e2219-1075-47ed-9f26-60792e1772d5"
          ],
          "failures": [],
          "pending": [],
          "skipped": [],
          "duration": 654,
          "root": false,
          "rootEmpty": false,
          "_timeout": 2000
        }
      ],
      "passes": [],
      "failures": [],
      "pending": [],
      "skipped": [],
      "duration": 0,
      "root": true,
      "rootEmpty": true,
      "_timeout": 2000
    },
    {
      "uuid": "59a1df6e-ca1d-4d45-80d7-72cc05d77545",
      "title": "",
      "fullFile": "cypress\\e2e\\usuarios\\getUsuarios.cy.js",
      "file": "cypress\\e2e\\usuarios\\getUsuarios.cy.js",
      "beforeHooks": [],
      "afterHooks": [],
      "tests": [],
      "suites": [
        {
          "uuid": "182023d7-9a96-4b58-babe-2f41d6a6c35c",
          "title": "ServeRest - Usuários",
          "fullFile": "",
          "file": "",
          "beforeHooks": [],
          "afterHooks": [],
          "tests": [
            {
              "title": "Deve listar os usuários com sucesso",
              "fullTitle": "ServeRest - Usuários Deve listar os usuários com sucesso",
              "timedOut": null,
              "duration": 402,
              "state": "passed",
              "speed": "fast",
              "pass": true,
              "fail": false,
              "pending": false,
              "context": null,
              "code": "cy.getUsuarios();",
              "err": {},
              "uuid": "ad762322-cf91-4838-88ff-e49759d43712",
              "parentUUID": "182023d7-9a96-4b58-babe-2f41d6a6c35c",
              "isHook": false,
              "skipped": false
            }
          ],
          "suites": [],
          "passes": [
            "ad762322-cf91-4838-88ff-e49759d43712"
          ],
          "failures": [],
          "pending": [],
          "skipped": [],
          "duration": 402,
          "root": false,
          "rootEmpty": false,
          "_timeout": 2000
        }
      ],
      "passes": [],
      "failures": [],
      "pending": [],
      "skipped": [],
      "duration": 0,
      "root": true,
      "rootEmpty": true,
      "_timeout": 2000
    }
  ],
  "meta": {
    "mocha": {
      "version": "7.2.0"
    },
    "mochawesome": {
      "options": {
        "quiet": false,
        "reportFilename": "mochawesome",
        "saveHtml": false,
        "saveJson": true,
        "consoleReporter": "spec",
        "useInlineDiffs": false,
        "code": true
      },
      "version": "7.1.3"
    },
    "marge": {
      "options": {
        "reportDir": "cypress/reports/json",
        "overwrite": false,
        "html": false,
        "json": true
      },
      "version": "6.2.0"
    }
  }
}