{
  "stats": {
    "suites": 1,
    "tests": 1,
    "passes": 1,
    "pending": 0,
    "failures": 0,
    "start": "2025-05-19T19:44:52.759Z",
    "end": "2025-05-19T19:44:53.140Z",
    "duration": 381,
    "testsRegistered": 1,
    "passPercent": 100,
    "pendingPercent": 0,
    "other": 0,
    "hasOther": false,
    "skipped": 0,
    "hasSkipped": false
  },
  "results": [
    {
      "uuid": "8a0a80f8-bac6-487e-ad8a-d212d24fd35e",
      "title": "",
      "fullFile": "cypress\\e2e\\usuarios\\getUsuarios.cy.js",
      "file": "cypress\\e2e\\usuarios\\getUsuarios.cy.js",
      "beforeHooks": [],
      "afterHooks": [],
      "tests": [],
      "suites": [
        {
          "uuid": "b98a592a-ab63-41a4-a1bc-acc0635b47ce",
          "title": "ServeRest - Usuários",
          "fullFile": "",
          "file": "",
          "beforeHooks": [],
          "afterHooks": [],
          "tests": [
            {
              "title": "Deve listar os usuários com sucesso",
              "fullTitle": "ServeRest - Usuários Deve listar os usuários com sucesso",
              "timedOut": null,
              "duration": 350,
              "state": "passed",
              "speed": "fast",
              "pass": true,
              "fail": false,
              "pending": false,
              "context": null,
              "code": "cy.getUsuarios();",
              "err": {},
              "uuid": "cc0eef59-e736-467a-861c-47cd19df0e53",
              "parentUUID": "b98a592a-ab63-41a4-a1bc-acc0635b47ce",
              "isHook": false,
              "skipped": false
            }
          ],
          "suites": [],
          "passes": [
            "cc0eef59-e736-467a-861c-47cd19df0e53"
          ],
          "failures": [],
          "pending": [],
          "skipped": [],
          "duration": 350,
          "root": false,
          "rootEmpty": false,
          "_timeout": 2000
        }
      ],
      "passes": [],
      "failures": [],
      "pending": [],
      "skipped": [],
      "duration": 0,
      "root": true,
      "rootEmpty": true,
      "_timeout": 2000
    }
  ],
  "meta": {
    "mocha": {
      "version": "7.2.0"
    },
    "mochawesome": {
      "options": {
        "quiet": false,
        "reportFilename": "mochawesome",
        "saveHtml": false,
        "saveJson": true,
        "consoleReporter": "spec",
        "useInlineDiffs": false,
        "code": true
      },
      "version": "7.1.3"
    },
    "marge": {
      "options": {
        "reportDir": "cypress/reports/json",
        "overwrite": false,
        "html": false,
        "json": true
      },
      "version": "6.2.0"
    }
  }
}