{
  "stats": {
    "suites": 1,
    "tests": 1,
    "passes": 1,
    "pending": 0,
    "failures": 0,
    "start": "2025-05-24T19:58:43.559Z",
    "end": "2025-05-24T19:58:44.177Z",
    "duration": 618,
    "testsRegistered": 1,
    "passPercent": 100,
    "pendingPercent": 0,
    "other": 0,
    "hasOther": false,
    "skipped": 0,
    "hasSkipped": false
  },
  "results": [
    {
      "uuid": "dcbb331e-fb2b-4449-8c0c-43db663c8e62",
      "title": "",
      "fullFile": "cypress\\e2e\\usuarios\\criarEValidarUsuario.cy.js",
      "file": "cypress\\e2e\\usuarios\\criarEValidarUsuario.cy.js",
      "beforeHooks": [],
      "afterHooks": [],
      "tests": [],
      "suites": [
        {
          "uuid": "c9ba53ae-1b05-4aee-842a-dce84fd06e62",
          "title": "ServeRest - Criar e Validar Usuário",
          "fullFile": "",
          "file": "",
          "beforeHooks": [],
          "afterHooks": [],
          "tests": [
            {
              "title": "Deve criar um usuário e confirmar que ele existe na listagem",
              "fullTitle": "ServeRest - Criar e Validar Usuário Deve criar um usuário e confirmar que ele existe na listagem",
              "timedOut": null,
              "duration": 516,
              "state": "passed",
              "speed": "fast",
              "pass": true,
              "fail": false,
              "pending": false,
              "context": null,
              "code": "const timestamp = Date.now();\nconst nome = `Fábio QA ${timestamp}`;\nconst email = `fabio.qa.${timestamp}@teste.com`;\ncy.createUsuario(nome, email);\ncy.buscarUsuarioPorEmail(email);",
              "err": {},
              "uuid": "a9fc81b4-8dab-43a0-9f3e-20c3c24ace9b",
              "parentUUID": "c9ba53ae-1b05-4aee-842a-dce84fd06e62",
              "isHook": false,
              "skipped": false
            }
          ],
          "suites": [],
          "passes": [
            "a9fc81b4-8dab-43a0-9f3e-20c3c24ace9b"
          ],
          "failures": [],
          "pending": [],
          "skipped": [],
          "duration": 516,
          "root": false,
          "rootEmpty": false,
          "_timeout": 2000
        }
      ],
      "passes": [],
      "failures": [],
      "pending": [],
      "skipped": [],
      "duration": 0,
      "root": true,
      "rootEmpty": true,
      "_timeout": 2000
    }
  ],
  "meta": {
    "mocha": {
      "version": "7.2.0"
    },
    "mochawesome": {
      "options": {
        "quiet": false,
        "reportFilename": "mochawesome",
        "saveHtml": false,
        "saveJson": true,
        "consoleReporter": "spec",
        "useInlineDiffs": false,
        "code": true
      },
      "version": "7.1.3"
    },
    "marge": {
      "options": {
        "reportDir": "cypress/reports/json",
        "overwrite": false,
        "html": false,
        "json": true
      },
      "version": "6.2.0"
    }
  }
}