{
  "stats": {
    "suites": 1,
    "tests": 1,
    "passes": 1,
    "pending": 0,
    "failures": 0,
    "start": "2025-05-24T19:58:46.893Z",
    "end": "2025-05-24T19:58:47.714Z",
    "duration": 821,
    "testsRegistered": 1,
    "passPercent": 100,
    "pendingPercent": 0,
    "other": 0,
    "hasOther": false,
    "skipped": 0,
    "hasSkipped": false
  },
  "results": [
    {
      "uuid": "6b8d11ed-3583-41b1-bf69-559be3fa0242",
      "title": "",
      "fullFile": "cypress\\e2e\\usuarios\\editarEDeletarUsuario.cy.js",
      "file": "cypress\\e2e\\usuarios\\editarEDeletarUsuario.cy.js",
      "beforeHooks": [],
      "afterHooks": [],
      "tests": [],
      "suites": [
        {
          "uuid": "506e424a-048d-4618-8740-a0a5c0bbd68b",
          "title": "ServeRest - Editar e Deletar Usuário",
          "fullFile": "",
          "file": "",
          "beforeHooks": [],
          "afterHooks": [],
          "tests": [
            {
              "title": "Deve criar, editar e deletar um usuário",
              "fullTitle": "ServeRest - Editar e Deletar Usuário Deve criar, editar e deletar um usuário",
              "timedOut": null,
              "duration": 716,
              "state": "passed",
              "speed": "fast",
              "pass": true,
              "fail": false,
              "pending": false,
              "context": null,
              "code": "const timestamp = Date.now();\nconst nome = `Fábio QA ${timestamp}`;\nconst email = `fabio.qa.${timestamp}@teste.com`;\n// Cria o usuário\ncy.request({\n  method: 'POST',\n  url: 'https://serverest.dev/usuarios',\n  body: {\n    nome: nome,\n    email: email,\n    password: 'teste123',\n    administrador: 'true'\n  }\n}).then(res => {\n  const id = res.body._id;\n  expect(res.status).to.eq(201);\n  // Atualiza o nome\n  cy.atualizarUsuario(id, `${nome} Editado`);\n  // Deleta o usuário\n  cy.request({\n    method: 'DELETE',\n    url: `https://serverest.dev/usuarios/${id}`\n  }).then(del => {\n    expect(del.status).to.eq(200);\n  });\n});",
              "err": {},
              "uuid": "f7d0b309-4fc0-4e3c-a6a5-0f015ca9c78c",
              "parentUUID": "506e424a-048d-4618-8740-a0a5c0bbd68b",
              "isHook": false,
              "skipped": false
            }
          ],
          "suites": [],
          "passes": [
            "f7d0b309-4fc0-4e3c-a6a5-0f015ca9c78c"
          ],
          "failures": [],
          "pending": [],
          "skipped": [],
          "duration": 716,
          "root": false,
          "rootEmpty": false,
          "_timeout": 2000
        }
      ],
      "passes": [],
      "failures": [],
      "pending": [],
      "skipped": [],
      "duration": 0,
      "root": true,
      "rootEmpty": true,
      "_timeout": 2000
    }
  ],
  "meta": {
    "mocha": {
      "version": "7.2.0"
    },
    "mochawesome": {
      "options": {
        "quiet": false,
        "reportFilename": "mochawesome",
        "saveHtml": false,
        "saveJson": true,
        "consoleReporter": "spec",
        "useInlineDiffs": false,
        "code": true
      },
      "version": "7.1.3"
    },
    "marge": {
      "options": {
        "reportDir": "cypress/reports/json",
        "overwrite": false,
        "html": false,
        "json": true
      },
      "version": "6.2.0"
    }
  }
}