{
  "stats": {
    "suites": 1,
    "tests": 1,
    "passes": 1,
    "pending": 0,
    "failures": 0,
    "start": "2025-05-19T19:44:45.196Z",
    "end": "2025-05-19T19:44:45.961Z",
    "duration": 765,
    "testsRegistered": 1,
    "passPercent": 100,
    "pendingPercent": 0,
    "other": 0,
    "hasOther": false,
    "skipped": 0,
    "hasSkipped": false
  },
  "results": [
    {
      "uuid": "a9503bf5-7b01-4bba-bdce-3a305215133c",
      "title": "",
      "fullFile": "cypress\\e2e\\usuarios\\createUsuario.cy.js",
      "file": "cypress\\e2e\\usuarios\\createUsuario.cy.js",
      "beforeHooks": [],
      "afterHooks": [],
      "tests": [],
      "suites": [
        {
          "uuid": "0d81dc07-6ed7-4d94-bdde-9c40f5562bd3",
          "title": "ServeRest - Criar Usuário",
          "fullFile": "",
          "file": "",
          "beforeHooks": [],
          "afterHooks": [],
          "tests": [
            {
              "title": "Deve criar um usuário com sucesso (ou já existente)",
              "fullTitle": "ServeRest - Criar Usuário Deve criar um usuário com sucesso (ou já existente)",
              "timedOut": null,
              "duration": 730,
              "state": "passed",
              "speed": "fast",
              "pass": true,
              "fail": false,
              "pending": false,
              "context": null,
              "code": "const timestamp = Date.now();\nconst nome = `Fábio QA ${timestamp}`;\nconst email = `fabio.qa.${timestamp}@teste.com`;\ncy.createUsuario(nome, email);",
              "err": {},
              "uuid": "5d53e1fe-be1f-44d2-b7ff-fa4ea6d643c6",
              "parentUUID": "0d81dc07-6ed7-4d94-bdde-9c40f5562bd3",
              "isHook": false,
              "skipped": false
            }
          ],
          "suites": [],
          "passes": [
            "5d53e1fe-be1f-44d2-b7ff-fa4ea6d643c6"
          ],
          "failures": [],
          "pending": [],
          "skipped": [],
          "duration": 730,
          "root": false,
          "rootEmpty": false,
          "_timeout": 2000
        }
      ],
      "passes": [],
      "failures": [],
      "pending": [],
      "skipped": [],
      "duration": 0,
      "root": true,
      "rootEmpty": true,
      "_timeout": 2000
    }
  ],
  "meta": {
    "mocha": {
      "version": "7.2.0"
    },
    "mochawesome": {
      "options": {
        "quiet": false,
        "reportFilename": "mochawesome",
        "saveHtml": false,
        "saveJson": true,
        "consoleReporter": "spec",
        "useInlineDiffs": false,
        "code": true
      },
      "version": "7.1.3"
    },
    "marge": {
      "options": {
        "reportDir": "cypress/reports/json",
        "overwrite": false,
        "html": false,
        "json": true
      },
      "version": "6.2.0"
    }
  }
}